<?xml version="1.0" encoding="UTF-8"?>
<testng-results skipped="0" failed="1" ignored="113" total="115" passed="1">
  <reporter-output>
  </reporter-output>
  <suite name="Suite" duration-ms="398088" started-at="2019-12-23T08:45:14Z" finished-at="2019-12-23T08:51:52Z">
    <groups>
      <group name="kiran_WY_PDL_New">
        <method signature="AA_WY_PDL.Loan_PerformACHOptoutBeforePreNoteDate_PreNotedepnotpost()[pri:78, instance:pack.AA_WY_PDL@6ddf90b0]" name="Loan_PerformACHOptoutBeforePreNoteDate_PreNotedepnotpost" class="pack.AA_WY_PDL"/>
        <method signature="AA_WY_PDL.PartialPayment_MultipleTenderTypes()[pri:40, instance:pack.AA_WY_PDL@6ddf90b0]" name="PartialPayment_MultipleTenderTypes" class="pack.AA_WY_PDL"/>
      </group> <!-- kiran_WY_PDL_New -->
    </groups>
    <test name="Test" duration-ms="398088" started-at="2019-12-23T08:45:14Z" finished-at="2019-12-23T08:51:52Z">
      <class name="pack.AA_WY_PDL">
        <test-method status="PASS" signature="initialize()[pri:0, instance:pack.AA_WY_PDL@6ddf90b0]" name="initialize" is-config="true" duration-ms="78" started-at="2019-12-23T08:45:36Z" finished-at="2019-12-23T08:45:36Z">
          <reporter-output>
          </reporter-output>
        </test-method> <!-- initialize -->
        <test-method status="PASS" signature="PartialPayment_MultipleTenderTypes()[pri:40, instance:pack.AA_WY_PDL@6ddf90b0]" name="PartialPayment_MultipleTenderTypes" duration-ms="189331" started-at="2019-12-23T08:45:36Z" finished-at="2019-12-23T08:48:45Z">
          <reporter-output>
          </reporter-output>
        </test-method> <!-- PartialPayment_MultipleTenderTypes -->
        <test-method status="PASS" signature="getResult(org.testng.ITestResult)[pri:0, instance:pack.AA_WY_PDL@6ddf90b0]" name="getResult" is-config="true" duration-ms="173" started-at="2019-12-23T08:48:45Z" finished-at="2019-12-23T08:48:46Z">
          <params>
            <param index="0">
              <value>
                <![CDATA[[TestResult name=PartialPayment_MultipleTenderTypes status=SUCCESS method=AA_WY_PDL.PartialPayment_MultipleTenderTypes()[pri:40, instance:pack.AA_WY_PDL@6ddf90b0] output={null}]]]>
              </value>
            </param>
          </params>
          <reporter-output>
          </reporter-output>
        </test-method> <!-- getResult -->
        <test-method status="FAIL" signature="Loan_PerformACHOptoutBeforePreNoteDate_PreNotedepnotpost()[pri:78, instance:pack.AA_WY_PDL@6ddf90b0]" name="Loan_PerformACHOptoutBeforePreNoteDate_PreNotedepnotpost" duration-ms="184866" started-at="2019-12-23T08:48:46Z" finished-at="2019-12-23T08:51:50Z">
          <exception class="org.openqa.selenium.NoSuchElementException">
            <message>
              <![CDATA[Unable to find element with xpath == /html/body/form[1]/table/tbody/tr/td/table/tbody/tr/td/table/tbody/tr[1]/td[2]/table/tbody/tr[3]/td/table/tbody/tr[5]/td[2]/input[2] (WARNING: The server did not provide any stacktrace information)
Command duration or timeout: 0 milliseconds
For documentation on this error, please visit: http://seleniumhq.org/exceptions/no_such_element.html
Build info: version: '3.14.0', revision: 'aacccce0', time: '2018-08-02T20:19:58.91Z'
System info: host: 'QTLSYS2-17', ip: '192.168.2.17', os.name: 'Windows 7', os.arch: 'amd64', os.version: '6.1', java.version: '1.8.0_101'
Driver info: org.openqa.selenium.ie.InternetExplorerDriver
Capabilities {browserAttachTimeout: 0, browserName: internet explorer, cssSelectorsEnabled: true, elementScrollBehavior: 0, enableElementCacheCleanup: true, enablePersistentHover: true, handlesAlerts: true, ie.browserCommandLineSwitches: , ie.ensureCleanSession: false, ie.forceCreateProcessApi: false, ie.usePerProcessProxy: false, ignoreProtectedModeSettings: false, ignoreZoomSetting: false, initialBrowserUrl: http://localhost:17859/, javascriptEnabled: true, nativeEvents: true, platform: WINDOWS, platformName: WINDOWS, requireWindowFocus: false, takesScreenshot: true, unexpectedAlertBehaviour: dismiss, unhandledPromptBehavior: dismiss, version: 11}
Session ID: 2932adcd-3a55-46ad-8728-3cfee039e149
*** Element info: {Using=xpath, value=/html/body/form[1]/table/tbody/tr/td/table/tbody/tr/td/table/tbody/tr[1]/td[2]/table/tbody/tr[3]/td/table/tbody/tr[5]/td[2]/input[2]}]]>
            </message>
            <full-stacktrace>
              <![CDATA[org.openqa.selenium.NoSuchElementException: Unable to find element with xpath == /html/body/form[1]/table/tbody/tr/td/table/tbody/tr/td/table/tbody/tr[1]/td[2]/table/tbody/tr[3]/td/table/tbody/tr[5]/td[2]/input[2] (WARNING: The server did not provide any stacktrace information)
Command duration or timeout: 0 milliseconds
For documentation on this error, please visit: http://seleniumhq.org/exceptions/no_such_element.html
Build info: version: '3.14.0', revision: 'aacccce0', time: '2018-08-02T20:19:58.91Z'
System info: host: 'QTLSYS2-17', ip: '192.168.2.17', os.name: 'Windows 7', os.arch: 'amd64', os.version: '6.1', java.version: '1.8.0_101'
Driver info: org.openqa.selenium.ie.InternetExplorerDriver
Capabilities {browserAttachTimeout: 0, browserName: internet explorer, cssSelectorsEnabled: true, elementScrollBehavior: 0, enableElementCacheCleanup: true, enablePersistentHover: true, handlesAlerts: true, ie.browserCommandLineSwitches: , ie.ensureCleanSession: false, ie.forceCreateProcessApi: false, ie.usePerProcessProxy: false, ignoreProtectedModeSettings: false, ignoreZoomSetting: false, initialBrowserUrl: http://localhost:17859/, javascriptEnabled: true, nativeEvents: true, platform: WINDOWS, platformName: WINDOWS, requireWindowFocus: false, takesScreenshot: true, unexpectedAlertBehaviour: dismiss, unhandledPromptBehavior: dismiss, version: 11}
Session ID: 2932adcd-3a55-46ad-8728-3cfee039e149
*** Element info: {Using=xpath, value=/html/body/form[1]/table/tbody/tr/td/table/tbody/tr/td/table/tbody/tr[1]/td[2]/table/tbody/tr[3]/td/table/tbody/tr[5]/td[2]/input[2]}
at sun.reflect.NativeConstructorAccessorImpl.newInstance0(Native Method)
at sun.reflect.NativeConstructorAccessorImpl.newInstance(Unknown Source)
at sun.reflect.DelegatingConstructorAccessorImpl.newInstance(Unknown Source)
at java.lang.reflect.Constructor.newInstance(Unknown Source)
at org.openqa.selenium.remote.ErrorHandler.createThrowable(ErrorHandler.java:214)
at org.openqa.selenium.remote.ErrorHandler.throwIfResponseFailed(ErrorHandler.java:166)
at org.openqa.selenium.remote.http.JsonHttpResponseCodec.reconstructValue(JsonHttpResponseCodec.java:40)
at org.openqa.selenium.remote.http.AbstractHttpResponseCodec.decode(AbstractHttpResponseCodec.java:80)
at org.openqa.selenium.remote.http.AbstractHttpResponseCodec.decode(AbstractHttpResponseCodec.java:44)
at org.openqa.selenium.remote.HttpCommandExecutor.execute(HttpCommandExecutor.java:158)
at org.openqa.selenium.remote.service.DriverCommandExecutor.execute(DriverCommandExecutor.java:83)
at org.openqa.selenium.remote.RemoteWebDriver.execute(RemoteWebDriver.java:548)
at org.openqa.selenium.remote.RemoteWebDriver.findElement(RemoteWebDriver.java:322)
at org.openqa.selenium.remote.RemoteWebDriver.findElementByXPath(RemoteWebDriver.java:424)
at org.openqa.selenium.By$ByXPath.findElement(By.java:353)
at org.openqa.selenium.remote.RemoteWebDriver.findElement(RemoteWebDriver.java:314)
at pack.ACHRevoke.ACHRevoke(ACHRevoke.java:265)
at pack.AA_WY_PDL.Loan_PerformACHOptoutBeforePreNoteDate_PreNotedepnotpost(AA_WY_PDL.java:2438)
at sun.reflect.NativeMethodAccessorImpl.invoke0(Native Method)
at sun.reflect.NativeMethodAccessorImpl.invoke(Unknown Source)
at sun.reflect.DelegatingMethodAccessorImpl.invoke(Unknown Source)
at java.lang.reflect.Method.invoke(Unknown Source)
at org.testng.internal.MethodInvocationHelper.invokeMethod(MethodInvocationHelper.java:124)
at org.testng.internal.Invoker.invokeMethod(Invoker.java:583)
at org.testng.internal.Invoker.invokeTestMethod(Invoker.java:719)
at org.testng.internal.Invoker.invokeTestMethods(Invoker.java:989)
at org.testng.internal.TestMethodWorker.invokeTestMethods(TestMethodWorker.java:125)
at org.testng.internal.TestMethodWorker.run(TestMethodWorker.java:109)
at org.testng.TestRunner.privateRun(TestRunner.java:648)
at org.testng.TestRunner.run(TestRunner.java:505)
at org.testng.SuiteRunner.runTest(SuiteRunner.java:455)
at org.testng.SuiteRunner.runSequentially(SuiteRunner.java:450)
at org.testng.SuiteRunner.privateRun(SuiteRunner.java:415)
at org.testng.SuiteRunner.run(SuiteRunner.java:364)
at org.testng.SuiteRunnerWorker.runSuite(SuiteRunnerWorker.java:52)
at org.testng.SuiteRunnerWorker.run(SuiteRunnerWorker.java:84)
at org.testng.TestNG.runSuitesSequentially(TestNG.java:1208)
at org.testng.TestNG.runSuitesLocally(TestNG.java:1137)
at org.testng.TestNG.runSuites(TestNG.java:1049)
at org.testng.TestNG.run(TestNG.java:1017)
at org.testng.remote.AbstractRemoteTestNG.run(AbstractRemoteTestNG.java:114)
at org.testng.remote.RemoteTestNG.initAndRun(RemoteTestNG.java:251)
at org.testng.remote.RemoteTestNG.main(RemoteTestNG.java:77)
]]>
            </full-stacktrace>
          </exception> <!-- org.openqa.selenium.NoSuchElementException -->
          <reporter-output>
          </reporter-output>
        </test-method> <!-- Loan_PerformACHOptoutBeforePreNoteDate_PreNotedepnotpost -->
        <test-method status="PASS" signature="getResult(org.testng.ITestResult)[pri:0, instance:pack.AA_WY_PDL@6ddf90b0]" name="getResult" is-config="true" duration-ms="780" started-at="2019-12-23T08:51:50Z" finished-at="2019-12-23T08:51:51Z">
          <params>
            <param index="0">
              <value>
                <![CDATA[[TestResult name=Loan_PerformACHOptoutBeforePreNoteDate_PreNotedepnotpost status=FAILURE method=AA_WY_PDL.Loan_PerformACHOptoutBeforePreNoteDate_PreNotedepnotpost()[pri:78, instance:pack.AA_WY_PDL@6ddf90b0] output={null}]]]>
              </value>
            </param>
          </params>
          <reporter-output>
          </reporter-output>
        </test-method> <!-- getResult -->
        <test-method status="PASS" signature="quit()[pri:0, instance:pack.AA_WY_PDL@6ddf90b0]" name="quit" is-config="true" duration-ms="593" started-at="2019-12-23T08:51:51Z" finished-at="2019-12-23T08:51:52Z">
          <reporter-output>
          </reporter-output>
        </test-method> <!-- quit -->
      </class> <!-- pack.AA_WY_PDL -->
      <class name="pack.AA_FL_PDL">
        <test-method status="PASS" signature="setup_Grid()[pri:0, instance:pack.AA_FL_PDL@2b2948e2]" name="setup_Grid" is-config="true" duration-ms="7771" started-at="2019-12-23T08:45:14Z" finished-at="2019-12-23T08:45:22Z">
          <reporter-output>
          </reporter-output>
        </test-method> <!-- setup_Grid -->
        <test-method status="PASS" signature="setup_Grid()[pri:0, instance:pack.AA_TN_PDL@eec5a4a]" name="setup_Grid" is-config="true" duration-ms="7240" started-at="2019-12-23T08:45:22Z" finished-at="2019-12-23T08:45:29Z">
          <reporter-output>
          </reporter-output>
        </test-method> <!-- setup_Grid -->
        <test-method status="PASS" signature="setup_Grid()[pri:0, instance:pack.AA_WY_PDL@6ddf90b0]" name="setup_Grid" is-config="true" duration-ms="7225" started-at="2019-12-23T08:45:29Z" finished-at="2019-12-23T08:45:36Z">
          <reporter-output>
          </reporter-output>
        </test-method> <!-- setup_Grid -->
      </class> <!-- pack.AA_FL_PDL -->
    </test> <!-- Test -->
  </suite> <!-- Suite -->
</testng-results>
