<?xml version="1.0" encoding="UTF-8"?>
<testng-results skipped="0" failed="1" ignored="153" total="154" passed="0">
  <reporter-output>
  </reporter-output>
  <suite name="Suite" duration-ms="206186" started-at="2020-01-07T11:31:54Z" finished-at="2020-01-07T11:35:20Z">
    <groups>
      <group name="Pavitra_TN_PDL2">
        <method signature="AA_TN_PDL.NewLoan_PreNoteDeposit_PreNoteClear()[pri:58, instance:pack.AA_TN_PDL@4b4523f8]" name="NewLoan_PreNoteDeposit_PreNoteClear" class="pack.AA_TN_PDL"/>
      </group> <!-- Pavitra_TN_PDL2 -->
    </groups>
    <test name="Test" duration-ms="206186" started-at="2020-01-07T11:31:54Z" finished-at="2020-01-07T11:35:20Z">
      <class name="pack.AA_TN_PDL">
        <test-method status="PASS" signature="initialize()[pri:0, instance:pack.AA_TN_PDL@4b4523f8]" name="initialize" is-config="true" duration-ms="92" started-at="2020-01-07T11:32:07Z" finished-at="2020-01-07T11:32:07Z">
          <reporter-output>
          </reporter-output>
        </test-method> <!-- initialize -->
        <test-method status="FAIL" signature="NewLoan_PreNoteDeposit_PreNoteClear()[pri:58, instance:pack.AA_TN_PDL@4b4523f8]" name="NewLoan_PreNoteDeposit_PreNoteClear" duration-ms="191754" started-at="2020-01-07T11:32:07Z" finished-at="2020-01-07T11:35:19Z">
          <exception class="org.openqa.selenium.NoSuchElementException">
            <message>
              <![CDATA[Unable to find element with xpath == /html/body/table/tbody/tr/td/table/tbody/tr/td/form/table[3]/tbody/tr[3]/td[5]  (WARNING: The server did not provide any stacktrace information)
Command duration or timeout: 0 milliseconds
For documentation on this error, please visit: http://seleniumhq.org/exceptions/no_such_element.html
Build info: version: '3.14.0', revision: 'aacccce0', time: '2018-08-02T20:19:58.91Z'
System info: host: 'QTLSYS1-154', ip: '192.168.1.154', os.name: 'Windows 10', os.arch: 'amd64', os.version: '10.0', java.version: '1.8.0_101'
Driver info: org.openqa.selenium.ie.InternetExplorerDriver
Capabilities {browserAttachTimeout: 0, browserName: internet explorer, cssSelectorsEnabled: true, elementScrollBehavior: 0, enableElementCacheCleanup: true, enablePersistentHover: true, handlesAlerts: true, ie.browserCommandLineSwitches: , ie.ensureCleanSession: false, ie.forceCreateProcessApi: false, ie.usePerProcessProxy: false, ignoreProtectedModeSettings: false, ignoreZoomSetting: false, initialBrowserUrl: http://localhost:45193/, javascriptEnabled: true, nativeEvents: true, platform: WINDOWS, platformName: WINDOWS, requireWindowFocus: false, takesScreenshot: true, unexpectedAlertBehaviour: dismiss, unhandledPromptBehavior: dismiss, version: 11}
Session ID: 3ba8a920-79a4-48a5-bc7d-0eeff7104d2e
*** Element info: {Using=xpath, value=/html/body/table/tbody/tr/td/table/tbody/tr/td/form/table[3]/tbody/tr[3]/td[5] }]]>
            </message>
            <full-stacktrace>
              <![CDATA[org.openqa.selenium.NoSuchElementException: Unable to find element with xpath == /html/body/table/tbody/tr/td/table/tbody/tr/td/form/table[3]/tbody/tr[3]/td[5]  (WARNING: The server did not provide any stacktrace information)
Command duration or timeout: 0 milliseconds
For documentation on this error, please visit: http://seleniumhq.org/exceptions/no_such_element.html
Build info: version: '3.14.0', revision: 'aacccce0', time: '2018-08-02T20:19:58.91Z'
System info: host: 'QTLSYS1-154', ip: '192.168.1.154', os.name: 'Windows 10', os.arch: 'amd64', os.version: '10.0', java.version: '1.8.0_101'
Driver info: org.openqa.selenium.ie.InternetExplorerDriver
Capabilities {browserAttachTimeout: 0, browserName: internet explorer, cssSelectorsEnabled: true, elementScrollBehavior: 0, enableElementCacheCleanup: true, enablePersistentHover: true, handlesAlerts: true, ie.browserCommandLineSwitches: , ie.ensureCleanSession: false, ie.forceCreateProcessApi: false, ie.usePerProcessProxy: false, ignoreProtectedModeSettings: false, ignoreZoomSetting: false, initialBrowserUrl: http://localhost:45193/, javascriptEnabled: true, nativeEvents: true, platform: WINDOWS, platformName: WINDOWS, requireWindowFocus: false, takesScreenshot: true, unexpectedAlertBehaviour: dismiss, unhandledPromptBehavior: dismiss, version: 11}
Session ID: 3ba8a920-79a4-48a5-bc7d-0eeff7104d2e
*** Element info: {Using=xpath, value=/html/body/table/tbody/tr/td/table/tbody/tr/td/form/table[3]/tbody/tr[3]/td[5] }
at sun.reflect.NativeConstructorAccessorImpl.newInstance0(Native Method)
at sun.reflect.NativeConstructorAccessorImpl.newInstance(Unknown Source)
at sun.reflect.DelegatingConstructorAccessorImpl.newInstance(Unknown Source)
at java.lang.reflect.Constructor.newInstance(Unknown Source)
at org.openqa.selenium.remote.ErrorHandler.createThrowable(ErrorHandler.java:214)
at org.openqa.selenium.remote.ErrorHandler.throwIfResponseFailed(ErrorHandler.java:166)
at org.openqa.selenium.remote.http.JsonHttpResponseCodec.reconstructValue(JsonHttpResponseCodec.java:40)
at org.openqa.selenium.remote.http.AbstractHttpResponseCodec.decode(AbstractHttpResponseCodec.java:80)
at org.openqa.selenium.remote.http.AbstractHttpResponseCodec.decode(AbstractHttpResponseCodec.java:44)
at org.openqa.selenium.remote.HttpCommandExecutor.execute(HttpCommandExecutor.java:158)
at org.openqa.selenium.remote.service.DriverCommandExecutor.execute(DriverCommandExecutor.java:83)
at org.openqa.selenium.remote.RemoteWebDriver.execute(RemoteWebDriver.java:548)
at org.openqa.selenium.remote.RemoteWebDriver.findElement(RemoteWebDriver.java:322)
at org.openqa.selenium.remote.RemoteWebDriver.findElementByXPath(RemoteWebDriver.java:424)
at org.openqa.selenium.By$ByXPath.findElement(By.java:353)
at org.openqa.selenium.remote.RemoteWebDriver.findElement(RemoteWebDriver.java:314)
at pack.Clear_Status.Clear_Status(Clear_Status.java:256)
at pack.AA_TN_PDL.NewLoan_PreNoteDeposit_PreNoteClear(AA_TN_PDL.java:2647)
at sun.reflect.NativeMethodAccessorImpl.invoke0(Native Method)
at sun.reflect.NativeMethodAccessorImpl.invoke(Unknown Source)
at sun.reflect.DelegatingMethodAccessorImpl.invoke(Unknown Source)
at java.lang.reflect.Method.invoke(Unknown Source)
at org.testng.internal.MethodInvocationHelper.invokeMethod(MethodInvocationHelper.java:124)
at org.testng.internal.Invoker.invokeMethod(Invoker.java:580)
at org.testng.internal.Invoker.invokeTestMethod(Invoker.java:716)
at org.testng.internal.Invoker.invokeTestMethods(Invoker.java:988)
at org.testng.internal.TestMethodWorker.invokeTestMethods(TestMethodWorker.java:125)
at org.testng.internal.TestMethodWorker.run(TestMethodWorker.java:109)
at org.testng.TestRunner.privateRun(TestRunner.java:648)
at org.testng.TestRunner.run(TestRunner.java:505)
at org.testng.SuiteRunner.runTest(SuiteRunner.java:455)
at org.testng.SuiteRunner.runSequentially(SuiteRunner.java:450)
at org.testng.SuiteRunner.privateRun(SuiteRunner.java:415)
at org.testng.SuiteRunner.run(SuiteRunner.java:364)
at org.testng.SuiteRunnerWorker.runSuite(SuiteRunnerWorker.java:52)
at org.testng.SuiteRunnerWorker.run(SuiteRunnerWorker.java:84)
at org.testng.TestNG.runSuitesSequentially(TestNG.java:1208)
at org.testng.TestNG.runSuitesLocally(TestNG.java:1137)
at org.testng.TestNG.runSuites(TestNG.java:1049)
at org.testng.TestNG.run(TestNG.java:1017)
at org.testng.remote.AbstractRemoteTestNG.run(AbstractRemoteTestNG.java:114)
at org.testng.remote.RemoteTestNG.initAndRun(RemoteTestNG.java:251)
at org.testng.remote.RemoteTestNG.main(RemoteTestNG.java:77)
]]>
            </full-stacktrace>
          </exception> <!-- org.openqa.selenium.NoSuchElementException -->
          <reporter-output>
          </reporter-output>
        </test-method> <!-- NewLoan_PreNoteDeposit_PreNoteClear -->
        <test-method status="PASS" signature="getResult(org.testng.ITestResult)[pri:0, instance:pack.AA_TN_PDL@4b4523f8]" name="getResult" is-config="true" duration-ms="553" started-at="2020-01-07T11:35:19Z" finished-at="2020-01-07T11:35:19Z">
          <params>
            <param index="0">
              <value>
                <![CDATA[[TestResult name=NewLoan_PreNoteDeposit_PreNoteClear status=FAILURE method=AA_TN_PDL.NewLoan_PreNoteDeposit_PreNoteClear()[pri:58, instance:pack.AA_TN_PDL@4b4523f8] output={null}]]]>
              </value>
            </param>
          </params>
          <reporter-output>
          </reporter-output>
        </test-method> <!-- getResult -->
        <test-method status="PASS" signature="quit()[pri:0, instance:pack.AA_TN_PDL@4b4523f8]" name="quit" is-config="true" duration-ms="564" started-at="2020-01-07T11:35:19Z" finished-at="2020-01-07T11:35:20Z">
          <reporter-output>
          </reporter-output>
        </test-method> <!-- quit -->
      </class> <!-- pack.AA_TN_PDL -->
      <class name="pack.AA_FL_PDL">
        <test-method status="PASS" signature="setup_Grid()[pri:0, instance:pack.AA_FL_PDL@731a74c]" name="setup_Grid" is-config="true" duration-ms="6825" started-at="2020-01-07T11:31:54Z" finished-at="2020-01-07T11:32:01Z">
          <reporter-output>
          </reporter-output>
        </test-method> <!-- setup_Grid -->
        <test-method status="PASS" signature="setup_Grid()[pri:0, instance:pack.AA_TN_PDL@4b4523f8]" name="setup_Grid" is-config="true" duration-ms="6376" started-at="2020-01-07T11:32:01Z" finished-at="2020-01-07T11:32:07Z">
          <reporter-output>
          </reporter-output>
        </test-method> <!-- setup_Grid -->
      </class> <!-- pack.AA_FL_PDL -->
    </test> <!-- Test -->
  </suite> <!-- Suite -->
</testng-results>
